2022-04-12 07:49:41 debug: Close Watch Excel Export VBA Files
2022-04-13 17:04:50 info: XVBA Live Server extension is now active!
2022-04-13 17:04:50 debug: Start Watch Excel Export VBA Files
2022-04-13 17:04:50 debug: Start Run Macro Server
2022-04-13 17:04:50 info: XVBA Ribbon Starts
2022-04-13 17:45:33 debug: Close Watch Excel Export VBA Files
2022-04-13 17:45:52 info: XVBA Live Server extension is now active!
2022-04-13 17:45:52 debug: Start Watch Excel Export VBA Files
2022-04-13 17:45:52 debug: Start Run Macro Server
2022-04-13 17:45:52 info: XVBA Ribbon Starts
2022-04-13 18:39:57 debug: Close Watch Excel Export VBA Files
2022-04-14 06:16:39 info: XVBA Live Server extension is now active!
2022-04-14 06:16:39 debug: Start Run Macro Server
2022-04-14 06:16:39 debug: Start Watch Excel Export VBA Files
2022-04-14 06:16:39 info: XVBA Ribbon Starts
2022-04-14 06:36:51 debug: Close Watch Excel Export VBA Files
2022-04-15 15:16:12 info: XVBA Live Server extension is now active!
2022-04-15 15:16:12 debug: Start Watch Excel Export VBA Files
2022-04-15 15:16:12 debug: Start Run Macro Server
2022-04-15 15:16:12 info: XVBA Ribbon Starts
2022-04-15 15:17:13 debug: Close Watch Excel Export VBA Files
2022-04-15 15:17:18 info: XVBA Live Server extension is now active!
2022-04-15 15:17:18 debug: Start Watch Excel Export VBA Files
2022-04-15 15:17:18 debug: Start Run Macro Server
2022-04-15 15:17:18 info: XVBA Ribbon Starts
2022-04-24 10:20:11 info: XVBA Ribbon Starts
