2022-01-21 14:55:40 info: XVBA Live Server extension is now active!
2022-01-21 14:55:40 debug: Start Watch Excel Export VBA Files
2022-01-21 14:55:41 debug: Start Run Macro Server
2022-01-21 16:32:45 info: XVBA Live Server extension is now active!
2022-01-21 16:32:45 debug: Start Watch Excel Export VBA Files
2022-01-21 16:32:45 debug: Start Run Macro Server
2022-01-24 09:30:12 info: XVBA Live Server extension is now active!
2022-01-24 09:30:12 debug: Start Watch Excel Export VBA Files
2022-01-24 09:30:12 debug: Start Run Macro Server
2022-01-24 11:21:29 debug: Start Watch Excel Export VBA Files
2022-01-24 11:21:29 debug: Start Run Macro Server
2022-01-24 11:21:29 info: XVBA Live Server extension is now active!
2022-01-24 13:58:27 info: XVBA Live Server extension is now active!
2022-01-24 13:58:27 debug: Start Watch Excel Export VBA Files
2022-01-24 13:58:27 debug: Start Run Macro Server
2022-01-25 03:31:47 info: XVBA Live Server extension is now active!
2022-01-25 03:31:47 debug: Start Watch Excel Export VBA Files
2022-01-25 03:31:47 debug: Start Run Macro Server
2022-01-26 05:56:28 info: XVBA Live Server extension is now active!
2022-01-26 05:56:28 debug: Start Watch Excel Export VBA Files
2022-01-26 05:56:28 debug: Start Run Macro Server
2022-03-12 07:35:47 info: XVBA Live Server extension is now active!
2022-03-12 07:35:47 debug: Start Watch Excel Export VBA Files
2022-03-12 07:35:47 info: XVBA Ribbon Starts
2022-03-12 07:35:47 debug: Start Run Macro Server
2022-03-12 07:38:12 debug: Close Watch Excel Export VBA Files
